make all --print-data-base --no-builtin-variables --no-builtin-rules --question
make: *** No rule to make target 'Server/main.o', needed by 'ircserv'.  Stop.

# GNU Make 4.4.1
# Built for x86_64-unknown-linux-gnu
# Copyright (C) 1988-2023 Free Software Foundation, Inc.
# License GPLv3+: GNU GPL version 3 or later <https://gnu.org/licenses/gpl.html>
# This is free software: you are free to change and redistribute it.
# There is NO WARRANTY, to the extent permitted by law.

# Make data base, printed on Mon Apr 20 10:00:16 2026

# Variables

# environment
GDK_BACKEND = x11
# environment
LC_ALL = C
# environment
SSH_AGENT_LAUNCHER = gnome-keyring
# environment
PULSE_SERVER = unix:/run/flatpak/pulse/native
# environment
GJS_DEBUG_OUTPUT = stderr
# environment
SBX_CHROME_API_RQ = 1
# environment
VSCODE_CRASH_REPORTER_PROCESS_TYPE = extensionHost
# environment
VSCODE_CWD = /home/rlamlaik
# environment
LIBVIRT_DEFAULT_URI = qemu:///system
# environment
GDM_LANG = en
# default
MAKE_COMMAND := make
# environment
QT_ACCESSIBILITY = 1
# automatic
@D = $(patsubst %/,%,$(dir $@))
# environment
VSCODE_HANDLES_UNCAUGHT_ERRORS = true
# default
.VARIABLES := 
# environment
PWD = /goinfre/rlamlaik/irc
# environment
ZYPAK_ZYGOTE_STRATEGY_SPAWN = 1
# automatic
%D = $(patsubst %/,%,$(dir $%))
# environment
GI_TYPELIB_PATH = /app/lib/girepository-1.0
# environment
XDG_DATA_DIRS = /app/share:/usr/share:/usr/share/runtime/share:/run/host/user-share:/run/host/share
# automatic
^D = $(patsubst %/,%,$(dir $^))
# automatic
%F = $(notdir $%)
# environment
VSCODE_CODE_CACHE_PATH = /home/rlamlaik/.var/app/com.visualstudio.code/config/Code/CachedData/cfbea10c5ffb233ea9177d34726e6056e89913dc
# environment
XDG_SESSION_PATH = /org/freedesktop/DisplayManager/Session42
# environment
LANG = C
# environment
XAUTHORITY = /run/flatpak/Xauthority
# default
.LOADED := 
# default
.INCLUDE_DIRS := /usr/include
# environment
ALSA_CONFIG_DIR = /usr/share/alsa
# makefile
MAKEFLAGS = pqrR
# makefile (from 'Makefile', line 6)
SERVER_SRC = ./Server/main.cpp ./Server/Server.cpp ./channel/parsing.cpp ./channel/channel.cpp ./Server/Client.cpp ./channel/Join.cpp ./channel/mode.cpp ./channel/kick.cpp ./channel/prvmsg.cpp ./channel/pass.cpp ./channel/nick.cpp ./channel/user.cpp ./channel/getfile.cpp ./channel/sendfile.cpp ./channel/boot.cpp ./channel/invite.cpp
# makefile
CURDIR := /goinfre/rlamlaik/irc
# environment
APPLICATION_INSIGHTS_NO_DIAGNOSTIC_CHANNEL = 1
# automatic
*D = $(patsubst %/,%,$(dir $*))
# environment
ZYPAK_LIB = /app/bin/../lib
# environment
MFLAGS = -pqrR
# environment
SSH_AUTH_SOCK = /run/flatpak/ssh-auth
# default
.SHELLFLAGS := -c
# environment
XDG_CONFIG_DIRS = /app/etc/xdg:/etc/xdg
# automatic
+D = $(patsubst %/,%,$(dir $+))
# environment
ALSA_CONFIG_PATH = /usr/share/alsa/alsa-flatpak.conf
# makefile (from 'Makefile', line 13)
SERVER_OBJ = $(SERVER_SRC:.cpp=.o)
# environment
XDG_SESSION_DESKTOP = ubuntu
# makefile (from 'Makefile', line 1)
MAKEFILE_LIST := Makefile
# environment
FLATPAK_SANDBOX_DIR = /home/rlamlaik/.var/app/com.visualstudio.code/sandbox
# automatic
@F = $(notdir $@)
# environment
VSCODE_PID = 22
# environment
KRB5CCNAME = FILE:/tmp/krb5cc_104325_LhUpG8
# environment
XDG_SESSION_TYPE = x11
# automatic
?D = $(patsubst %/,%,$(dir $?))
# environment
PYTHONUSERBASE = /var/data/python
# environment
AT_SPI_BUS_ADDRESS = unix:path=/run/flatpak/at-spi-bus
# environment
XDG_DATA_HOME = /home/rlamlaik/.var/app/com.visualstudio.code/data
# environment
SESSION_MANAGER = local/e2r8p7.1337.ma:@/tmp/.ICE-unix/1600592,unix/e2r8p7.1337.ma:/tmp/.ICE-unix/1600592
# automatic
*F = $(notdir $*)
# environment
CHROME_DESKTOP = code.desktop
# environment
DBUS_SESSION_BUS_ADDRESS = unix:path=/run/flatpak/bus
# automatic
<D = $(patsubst %/,%,$(dir $<))
# environment
VSCODE_NLS_CONFIG = {"userLocale":"en-us","osLocale":"en","resolvedLanguage":"en","defaultMessagesFile":"/app/extra/vscode/resources/app/out/nls.messages.json","locale":"en-us","availableLanguages":{}}
# environment
__EGL_EXTERNAL_PLATFORM_CONFIG_DIRS = /etc/egl/egl_external_platform.d:/usr/lib/x86_64-linux-gnu/GL/egl/egl_external_platform.d:/usr/share/egl/egl_external_platform.d
# default
MAKE_HOST := x86_64-unknown-linux-gnu
# environment
GNOME_DESKTOP_SESSION_ID = this-is-deprecated
# makefile
SHELL = /bin/sh
# default
MAKECMDGOALS := all
# environment
XMODIFIERS = @im=ibus
# environment
LD_LIBRARY_PATH = /app/lib
# makefile (from 'Makefile', line 11)
HEADERS = ./Server/Server.hpp ./Server/client.hpp ./channel/parsing.hpp
# environment
GJS_DEBUG_TOPICS = JS ERROR;JS LOG
# environment
SANDBOX_LD_LIBRARY_PATH = /app/lib
# environment
SHLVL = 0
# environment
MAKELEVEL := 0
# default
MAKE = $(MAKE_COMMAND)
# environment
PATH = /app/bin:/app/bin:/app/bin:/usr/bin:/home/rlamlaik/.var/app/com.visualstudio.code/data/node_modules/bin
# environment
XCURSOR_PATH = /run/host/user-share/icons:/run/host/share/icons
# default
MAKEFILES := 
# environment
LANGUAGE = en
# automatic
^F = $(notdir $^)
# environment
DBUS_SYSTEM_BUS_ADDRESS = unix:path=/run/dbus/system_bus_socket
# environment
XDG_CONFIG_HOME = /home/rlamlaik/.var/app/com.visualstudio.code/config
# environment
INVOCATION_ID = e2afd29574504dd1bceeb83e9f97ec73
# makefile (from 'Makefile', line 4)
SERVER = ircserv
# environment
DOCKER_HOST = unix:///run/user/104325/docker.sock
# automatic
 
?F = $(notdir $?)
# environment
GTK_IM_MODULE = ibus
# environment
XDG_CURRENT_DESKTOP = ubuntu:GNOME
# automatic
+F = $(notdir $+)
# environment
XDG_SEAT_PATH = /org/freedesktop/DisplayManager/Seat0
# environment
DESKTOP_SESSION = ubuntu
# environment
GST_PLUGIN_SYSTEM_PATH = /app/lib/gstreamer-1.0:/usr/lib/extensions/gstreamer-1.0:/usr/lib/x86_64-linux-gnu/codecs-extra/lib/gstreamer-1.0:/usr/lib/x86_64-linux-gnu/gstreamer-1.0
# 'override' directive
GNUMAKEFLAGS := 
# environment
LOGNAME = rlamlaik
# environment
container = flatpak
# environment
GIO_LAUNCHED_DESKTOP_FILE = /var/lib/flatpak/exports/share/applications/com.visualstudio.code.desktop
# makefile
.DEFAULT_GOAL := all
# environment
SYSTEMD_EXEC_PID = 1600614
# environment
NPM_CONFIG_GLOBALCONFIG = /app/etc/npmrc
# environment
GTK_MODULES = gail:atk-bridge
# environment
USER = rlamlaik
# environment
DISPLAY = :99.0
# default
MAKE_VERSION := 4.4.1
# environment
MANAGERPID = 1599995
# environment
GIO_LAUNCHED_DESKTOP_FILE_PID = 1601676
# environment
_ = /usr/bin/make
# environment
XDG_RUNTIME_DIR = /run/user/104325
# environment
GPG_AGENT_INFO = /run/user/104325/gnupg/S.gpg-agent:0:1
# environment
PULSE_CLIENTCONFIG = /run/flatpak/pulse/config
# environment
FC_FONTATIONS = 1
# environment
JOURNAL_STREAM = 8:6789671
# environment
XDG_SESSION_CLASS = user
# environment
HOME = /home/rlamlaik
# environment
QT_IM_MODULE = ibus
# environment
ELECTRON_RUN_AS_NODE = 1
# environment
VSCODE_IPC_HOOK = /run/user/104325/vscode-e704aaa3-1.11-main.sock
# environment
FT_HOOK_PATHNAME = login-user.d
# environment
IM_CONFIG_PHASE = 1
# default
.RECIPEPREFIX := 
# automatic
<F = $(notdir $<)
# default
SUFFIXES := 
# environment
XDG_CACHE_HOME = /home/rlamlaik/.var/app/com.visualstudio.code/cache
# environment
VSCODE_CLI = 1
# environment
FT_HOOK_NAME = login-user
# environment
ELECTRON_NO_ATTACH_CONSOLE = 1
# makefile (from 'Makefile', line 2)
CXXFLAGS = -Wall -Wextra -std=c++98 -g
# environment
XDG_GREETER_DATA_DIR = /var/lib/lightdm-data/rlamlaik
# default
.FEATURES := target-specific order-only second-expansion else-if shortest-stem undefine oneshell nocomment grouped-target extra-prereqs notintermediate shell-export archives jobserver jobserver-fifo output-sync check-symlink load
# makefile (from 'Makefile', line 1)
CXX = c++
# environment
FLATPAK_ID = com.visualstudio.code
# environment
XDG_MENU_PREFIX = gnome-
# environment
VSCODE_ESM_ENTRYPOINT = vs/workbench/api/node/extensionHostProcess
# environment
ZYPAK_BIN = /app/bin
# environment
GDMSESSION = ubuntu
# variable set hash-table stats:
# Load=131/1024=13%, Rehash=0, Collisions=19/163=12%

# Pattern-specific Variable Values

# No pattern-specific variable values.

# Directories

# . (device 64769, inode 28442671): 26 files, no impossibilities.
# Server (device 64769, inode 28442747): 7 files, 1 impossibilities.

# 33 files, 1 impossibilities in 2 directories.

# Implicit Rules

%.o: %.cpp Server/Server.hpp Server/client.hpp channel/parsing.hpp
#  recipe to execute (from 'Makefile', line 22):
	$(CXX) $(CXXFLAGS) -c $<

# 1 implicit rules, 0 (0.0%) terminal.
# Files

# Not a target:
channel/mode.o:
#  Implicit rule search has not been done.
#  Modification time never checked.
#  File has not been updated.

# Not a target:
channel/nick.o:
#  Implicit rule search has not been done.
#  Modification time never checked.
#  File has not been updated.

# Not a target:
channel/user.o:
#  Implicit rule search has not been done.
#  Modification time never checked.
#  File has not been updated.

# Not a target:
Makefile:
#  Implicit rule search has been done.
#  File is secondary (prerequisite of .SECONDARY).
#  Last modified 2026-04-20 10:00:09.105684077
#  File has been updated.
#  Successfully updated.

# Not a target:
Server/Client.o:
#  Implicit rule search has not been done.
#  Modification time never checked.
#  File has not been updated.

# Not a target:
channel/prvmsg.o:
#  Implicit rule search has not been done.
#  Modification time never checked.
#  File has not been updated.

clean:
#  Phony target (prerequisite of .PHONY).
#  Implicit rule search has not been done.
#  File does not exist.
#  File has not been updated.
#  recipe to execute (from 'Makefile', line 25):
	rm -f  $(SERVER_OBJ)

# Not a target:
channel/channel.o:
#  Implicit rule search has not been done.
#  Modification time never checked.
#  File has not been updated.

# Not a target:
channel/Join.o:
#  Implicit rule search has not been done.
#  Modification time never checked.
#  File has not been updated.

re: fclean all
 
#  Implicit rule search has not been done.
#  Modification time never checked.
#  File has not been updated.

# Not a target:
channel/pass.o:
#  Implicit rule search has not been done.
#  Modification time never checked.
#  File has not been updated.

# Not a target:
.DEFAULT:
#  Implicit rule search has not been done.
#  Modification time never checked.
#  File has not been updated.

all: ircserv
#  Command line target.
#  Implicit rule search has been done.
#  File does not exist.
#  File has not been updated.

fclean: clean
#  Implicit rule search has not been done.
#  Modification time never checked.
#  File has not been updated.
#  recipe to execute (from 'Makefile', line 28):
	rm -f $(SERVER)

# Not a target:
channel/getfile.o:
#  Implicit rule search has not been done.
#  Modification time never checked.
#  File has not been updated.

# Not a target:
channel/invite.o:
#  Implicit rule search has not been done.
#  Modification time never checked.
#  File has not been updated.

# Not a target:
channel/boot.o:
#  Implicit rule search has not been done.
#  Modification time never checked.
#  File has not been updated.

# Not a target:
channel/kick.o:
#  Implicit rule search has not been done.
#  Modification time never checked.
#  File has not been updated.

# Not a target:
Server/Server.o:
#  Implicit rule search has not been done.
#  Modification time never checked.
#  File has not been updated.

# Not a target:
Server/main.o:
#  Implicit rule search has been done.
#  File does not exist.
#  File has not been updated.

# Not a target:
channel/parsing.o:
#  Implicit rule search has not been done.
#  Modification time never checked.
#  File has not been updated.

# Not a target:
channel/sendfile.o:
#  Implicit rule search has not been done.
#  Modification time never checked.
#  File has not been updated.

ircserv: Server/main.o Server/Server.o channel/parsing.o channel/channel.o Server/Client.o channel/Join.o channel/mode.o channel/kick.o channel/prvmsg.o channel/pass.o channel/nick.o channel/user.o channel/getfile.o channel/sendfile.o channel/boot.o channel/invite.o
#  Implicit rule search has not been done.
#  File does not exist.
#  File has not been updated.
#  recipe to execute (from 'Makefile', line 19):
	$(CXX) $(CXXFLAGS) -o $@ $^

.PHONY: clean
#  Implicit rule search has not been done.
#  Modification time never checked.
#  File has not been updated.

# files hash-table stats:
# Load=25/1024=2%, Rehash=0, Collisions=0/65=0%
# VPATH Search Paths

# No 'vpath' search paths.

# No general ('VPATH' variable) search path.

# strcache buffers: 1 (0) / strings = 63 / storage = 697 B / avg = 11 B
# current buf: size = 8162 B / used = 697 B / count = 63 / avg = 11 B

# strcache performance: lookups = 86 / hit rate = 26%
# hash-table stats:
# Load=63/8192=1%, Rehash=0, Collisions=0/86=0%
# Finished Make data base on Mon Apr 20 10:00:16 2026

 
